Release 14.7 - xst P.20131013 (nt64)
Copyright (c) 1995-2013 Xilinx, Inc.  All rights reserved.
--> Parameter TMPDIR set to xst/projnav.tmp


Total REAL time to Xst completion: 0.00 secs
Total CPU time to Xst completion: 0.08 secs
 
--> Parameter xsthdpdir set to xst


Total REAL time to Xst completion: 0.00 secs
Total CPU time to Xst completion: 0.08 secs
 
--> Reading design: Core.prj

TABLE OF CONTENTS
  1) Synthesis Options Summary
  2) HDL Parsing
  3) HDL Elaboration
  4) HDL Synthesis
       4.1) HDL Synthesis Report
  5) Advanced HDL Synthesis
       5.1) Advanced HDL Synthesis Report
  6) Low Level Synthesis
  7) Partition Report
  8) Design Summary
       8.1) Primitive and Black Box Usage
       8.2) Device utilization summary
       8.3) Partition Resource Summary
       8.4) Timing Report
            8.4.1) Clock Information
            8.4.2) Asynchronous Control Signals Information
            8.4.3) Timing Summary
            8.4.4) Timing Details
            8.4.5) Cross Clock Domains Report


=========================================================================
*                      Synthesis Options Summary                        *
=========================================================================
---- Source Parameters
Input File Name                    : "Core.prj"
Ignore Synthesis Constraint File   : NO

---- Target Parameters
Output File Name                   : "Core"
Output Format                      : NGC
Target Device                      : xc6slx16-3-csg324

---- Source Options
Top Module Name                    : Core
Automatic FSM Extraction           : YES
FSM Encoding Algorithm             : Auto
Safe Implementation                : No
FSM Style                          : LUT
RAM Extraction                     : Yes
RAM Style                          : Auto
ROM Extraction                     : Yes
Shift Register Extraction          : YES
ROM Style                          : Auto
Resource Sharing                   : YES
Asynchronous To Synchronous        : NO
Shift Register Minimum Size        : 2
Use DSP Block                      : Auto
Automatic Register Balancing       : No

---- Target Options
LUT Combining                      : Auto
Reduce Control Sets                : Auto
Add IO Buffers                     : YES
Global Maximum Fanout              : 100000
Add Generic Clock Buffer(BUFG)     : 16
Register Duplication               : YES
Optimize Instantiated Primitives   : NO
Use Clock Enable                   : Auto
Use Synchronous Set                : Auto
Use Synchronous Reset              : Auto
Pack IO Registers into IOBs        : Auto
Equivalent register Removal        : YES

---- General Options
Optimization Goal                  : Speed
Optimization Effort                : 1
Power Reduction                    : NO
Keep Hierarchy                     : No
Netlist Hierarchy                  : As_Optimized
RTL Output                         : Yes
Global Optimization                : AllClockNets
Read Cores                         : YES
Write Timing Constraints           : NO
Cross Clock Analysis               : NO
Hierarchy Separator                : /
Bus Delimiter                      : <>
Case Specifier                     : Maintain
Slice Utilization Ratio            : 100
BRAM Utilization Ratio             : 100
DSP48 Utilization Ratio            : 100
Auto BRAM Packing                  : NO
Slice Utilization Ratio Delta      : 5

=========================================================================


=========================================================================
*                          HDL Parsing                                  *
=========================================================================
Analyzing Verilog file "C:\Users\imana\OneDrive\Documents\GitHub\Core0\Core.v" into library work
Parsing module <Core>.

=========================================================================
*                            HDL Elaboration                            *
=========================================================================

Elaborating module <Core>.

=========================================================================
*                           HDL Synthesis                               *
=========================================================================

Synthesizing Unit <Core>.
    Related source file is "C:\Users\imana\OneDrive\Documents\GitHub\Core0\Core.v".
        Fetch = 4'b0000
        Receive = 4'b0001
        Reset = 4'b0010
        Load = 4'b0011
        Store = 4'b0100
        Advance = 4'b0101
        Increment = 4'b0110
        Pause = 4'b0111
    Found 16-bit register for signal <PC>.
    Found 16-bit register for signal <MemAddress>.
    Found 16-bit register for signal <WriteData>.
    Found 16-bit register for signal <Count>.
    Found 3-bit register for signal <PS>.
    Found 16-bit adder for signal <PC[15]_GND_1_o_add_7_OUT> created at line 105.
    Found 16-bit adder for signal <MemAddress[15]_GND_1_o_add_8_OUT> created at line 139.
    Found 16-bit adder for signal <Data[15]_GND_1_o_add_9_OUT> created at line 148.
    Found 16-bit adder for signal <Count[15]_GND_1_o_add_10_OUT> created at line 156.
    HDL ADVISOR - Describing an operational reset or an explicit power-up state for register <PS> would allow inference of a finite state machine and as consequence better performance and smaller area.
    Summary:
	inferred   4 Adder/Subtractor(s).
	inferred  67 D-type flip-flop(s).
	inferred  10 Multiplexer(s).
Unit <Core> synthesized.

=========================================================================
HDL Synthesis Report

Macro Statistics
# Adders/Subtractors                                   : 4
 16-bit adder                                          : 4
# Registers                                            : 5
 16-bit register                                       : 4
 3-bit register                                        : 1
# Multiplexers                                         : 10
 16-bit 2-to-1 multiplexer                             : 5
 3-bit 2-to-1 multiplexer                              : 5

=========================================================================

=========================================================================
*                       Advanced HDL Synthesis                          *
=========================================================================


Synthesizing (advanced) Unit <Core>.
The following registers are absorbed into counter <Data>: 1 register on signal <Data>.
The following registers are absorbed into counter <PC>: 1 register on signal <PC>.
The following registers are absorbed into counter <MemAddress>: 1 register on signal <MemAddress>.
The following registers are absorbed into counter <Count>: 1 register on signal <Count>.
Unit <Core> synthesized (advanced).

=========================================================================
Advanced HDL Synthesis Report

Macro Statistics
# Counters                                             : 4
 16-bit up counter                                     : 4
# Registers                                            : 3
 Flip-Flops                                            : 3
# Multiplexers                                         : 8
 16-bit 2-to-1 multiplexer                             : 3
 3-bit 2-to-1 multiplexer                              : 5

=========================================================================

=========================================================================
*                         Low Level Synthesis                           *
=========================================================================

Optimizing unit <Core> ...

Mapping all equations...
Building and optimizing final netlist ...
Found area constraint ratio of 100 (+ 5) on block Core, actual ratio is 1.

Final Macro Processing ...

=========================================================================
Final Register Report

Macro Statistics
# Registers                                            : 67
 Flip-Flops                                            : 67

=========================================================================

=========================================================================
*                           Partition Report                            *
=========================================================================

Partition Implementation Status
-------------------------------

  No Partitions were found in this design.

-------------------------------

=========================================================================
*                            Design Summary                             *
=========================================================================

Top Level Output File Name         : Core.ngc

Primitive and Black Box Usage:
------------------------------
# BELS                             : 274
#      GND                         : 1
#      INV                         : 5
#      LUT1                        : 30
#      LUT3                        : 33
#      LUT4                        : 68
#      LUT5                        : 4
#      LUT6                        : 5
#      MUXCY                       : 60
#      MUXF7                       : 3
#      VCC                         : 1
#      XORCY                       : 64
# FlipFlops/Latches                : 67
#      FD                          : 3
#      FDE                         : 64
# Clock Buffers                    : 1
#      BUFGP                       : 1
# IO Buffers                       : 64
#      IBUF                        : 16
#      OBUF                        : 48

Device utilization summary:
---------------------------

Selected Device : 6slx16csg324-3 


Slice Logic Utilization: 
 Number of Slice Registers:              67  out of  18224     0%  
 Number of Slice LUTs:                  145  out of   9112     1%  
    Number used as Logic:               145  out of   9112     1%  

Slice Logic Distribution: 
 Number of LUT Flip Flop pairs used:    145
   Number with an unused Flip Flop:      78  out of    145    53%  
   Number with an unused LUT:             0  out of    145     0%  
   Number of fully used LUT-FF pairs:    67  out of    145    46%  
   Number of unique control sets:         5

IO Utilization: 
 Number of IOs:                          65
 Number of bonded IOBs:                  65  out of    232    28%  

Specific Feature Utilization:
 Number of BUFG/BUFGCTRLs:                1  out of     16     6%  

---------------------------
Partition Resource Summary:
---------------------------

  No Partitions were found in this design.

---------------------------


=========================================================================
Timing Report

NOTE: THESE TIMING NUMBERS ARE ONLY A SYNTHESIS ESTIMATE.
      FOR ACCURATE TIMING INFORMATION PLEASE REFER TO THE TRACE REPORT
      GENERATED AFTER PLACE-and-ROUTE.

Clock Information:
------------------
-----------------------------------+------------------------+-------+
Clock Signal                       | Clock buffer(FF name)  | Load  |
-----------------------------------+------------------------+-------+
clk                                | BUFGP                  | 67    |
-----------------------------------+------------------------+-------+

Asynchronous Control Signals Information:
----------------------------------------
No asynchronous control signals found in this design

Timing Summary:
---------------
Speed Grade: -3

   Minimum period: 3.876ns (Maximum Frequency: 257.975MHz)
   Minimum input arrival time before clock: 3.915ns
   Maximum output required time after clock: 7.226ns
   Maximum combinational path delay: 7.089ns

Timing Details:
---------------
All values displayed in nanoseconds (ns)

=========================================================================
Timing constraint: Default period analysis for Clock 'clk'
  Clock period: 3.876ns (frequency: 257.975MHz)
  Total number of paths / destination ports: 1152 / 131
-------------------------------------------------------------------------
Delay:               3.876ns (Levels of Logic = 18)
  Source:            PS_2 (FF)
  Destination:       Data_15 (FF)
  Source Clock:      clk rising
  Destination Clock: clk rising

  Data Path: PS_2 to Data_15
                                Gate     Net
    Cell:in->out      fanout   Delay   Delay  Logical Name (Net Name)
    ----------------------------------------  ------------
     FD:C->Q              76   0.447   1.719  PS_2 (PS_2)
     LUT3:I2->O            1   0.205   0.000  Mcount_Data_lut<0> (Mcount_Data_lut<0>)
     MUXCY:S->O            1   0.172   0.000  Mcount_Data_cy<0> (Mcount_Data_cy<0>)
     MUXCY:CI->O           1   0.019   0.000  Mcount_Data_cy<1> (Mcount_Data_cy<1>)
     MUXCY:CI->O           1   0.019   0.000  Mcount_Data_cy<2> (Mcount_Data_cy<2>)
     MUXCY:CI->O           1   0.019   0.000  Mcount_Data_cy<3> (Mcount_Data_cy<3>)
     MUXCY:CI->O           1   0.019   0.000  Mcount_Data_cy<4> (Mcount_Data_cy<4>)
     MUXCY:CI->O           1   0.019   0.000  Mcount_Data_cy<5> (Mcount_Data_cy<5>)
     MUXCY:CI->O           1   0.019   0.000  Mcount_Data_cy<6> (Mcount_Data_cy<6>)
     MUXCY:CI->O           1   0.019   0.000  Mcount_Data_cy<7> (Mcount_Data_cy<7>)
     MUXCY:CI->O           1   0.019   0.000  Mcount_Data_cy<8> (Mcount_Data_cy<8>)
     MUXCY:CI->O           1   0.019   0.000  Mcount_Data_cy<9> (Mcount_Data_cy<9>)
     MUXCY:CI->O           1   0.019   0.000  Mcount_Data_cy<10> (Mcount_Data_cy<10>)
     MUXCY:CI->O           1   0.019   0.000  Mcount_Data_cy<11> (Mcount_Data_cy<11>)
     MUXCY:CI->O           1   0.019   0.000  Mcount_Data_cy<12> (Mcount_Data_cy<12>)
     MUXCY:CI->O           1   0.019   0.000  Mcount_Data_cy<13> (Mcount_Data_cy<13>)
     MUXCY:CI->O           0   0.019   0.000  Mcount_Data_cy<14> (Mcount_Data_cy<14>)
     XORCY:CI->O           1   0.180   0.580  Mcount_Data_xor<15> (Mcount_Data15)
     LUT4:I3->O            1   0.205   0.000  Data_15_dpot (Data_15_dpot)
     FDE:D                     0.102          Data_15
    ----------------------------------------
    Total                      3.876ns (1.577ns logic, 2.299ns route)
                                       (40.7% logic, 59.3% route)

=========================================================================
Timing constraint: Default OFFSET IN BEFORE for Clock 'clk'
  Total number of paths / destination ports: 143 / 19
-------------------------------------------------------------------------
Offset:              3.915ns (Levels of Logic = 18)
  Source:            ReadData<1> (PAD)
  Destination:       Data_15 (FF)
  Destination Clock: clk rising

  Data Path: ReadData<1> to Data_15
                                Gate     Net
    Cell:in->out      fanout   Delay   Delay  Logical Name (Net Name)
    ----------------------------------------  ------------
     IBUF:I->O             7   1.222   1.002  ReadData_1_IBUF (ReadData_1_IBUF)
     LUT3:I0->O            1   0.205   0.000  Mcount_Data_lut<1> (Mcount_Data_lut<1>)
     MUXCY:S->O            1   0.172   0.000  Mcount_Data_cy<1> (Mcount_Data_cy<1>)
     MUXCY:CI->O           1   0.019   0.000  Mcount_Data_cy<2> (Mcount_Data_cy<2>)
     MUXCY:CI->O           1   0.019   0.000  Mcount_Data_cy<3> (Mcount_Data_cy<3>)
     MUXCY:CI->O           1   0.019   0.000  Mcount_Data_cy<4> (Mcount_Data_cy<4>)
     MUXCY:CI->O           1   0.019   0.000  Mcount_Data_cy<5> (Mcount_Data_cy<5>)
     MUXCY:CI->O           1   0.019   0.000  Mcount_Data_cy<6> (Mcount_Data_cy<6>)
     MUXCY:CI->O           1   0.019   0.000  Mcount_Data_cy<7> (Mcount_Data_cy<7>)
     MUXCY:CI->O           1   0.019   0.000  Mcount_Data_cy<8> (Mcount_Data_cy<8>)
     MUXCY:CI->O           1   0.019   0.000  Mcount_Data_cy<9> (Mcount_Data_cy<9>)
     MUXCY:CI->O           1   0.019   0.000  Mcount_Data_cy<10> (Mcount_Data_cy<10>)
     MUXCY:CI->O           1   0.019   0.000  Mcount_Data_cy<11> (Mcount_Data_cy<11>)
     MUXCY:CI->O           1   0.019   0.000  Mcount_Data_cy<12> (Mcount_Data_cy<12>)
     MUXCY:CI->O           1   0.019   0.000  Mcount_Data_cy<13> (Mcount_Data_cy<13>)
     MUXCY:CI->O           0   0.019   0.000  Mcount_Data_cy<14> (Mcount_Data_cy<14>)
     XORCY:CI->O           1   0.180   0.580  Mcount_Data_xor<15> (Mcount_Data15)
     LUT4:I3->O            1   0.205   0.000  Data_15_dpot (Data_15_dpot)
     FDE:D                     0.102          Data_15
    ----------------------------------------
    Total                      3.915ns (2.333ns logic, 1.581ns route)
                                       (59.6% logic, 40.4% route)

=========================================================================
Timing constraint: Default OFFSET OUT AFTER for Clock 'clk'
  Total number of paths / destination ports: 147 / 33
-------------------------------------------------------------------------
Offset:              7.226ns (Levels of Logic = 3)
  Source:            PS_0 (FF)
  Destination:       Address<15> (PAD)
  Source Clock:      clk rising

  Data Path: PS_0 to Address<15>
                                Gate     Net
    Cell:in->out      fanout   Delay   Delay  Logical Name (Net Name)
    ----------------------------------------  ------------
     FD:C->Q              59   0.447   1.971  PS_0 (PS_0)
     LUT6:I0->O           16   0.203   1.252  Mmux_Address171 (Mmux_Address17)
     LUT4:I0->O            1   0.203   0.579  Mmux_Address17 (Address_0_OBUF)
     OBUF:I->O                 2.571          Address_0_OBUF (Address<0>)
    ----------------------------------------
    Total                      7.226ns (3.424ns logic, 3.802ns route)
                                       (47.4% logic, 52.6% route)

=========================================================================
Timing constraint: Default path analysis
  Total number of paths / destination ports: 99 / 17
-------------------------------------------------------------------------
Delay:               7.089ns (Levels of Logic = 4)
  Source:            ReadData<0> (PAD)
  Destination:       Address<15> (PAD)

  Data Path: ReadData<0> to Address<15>
                                Gate     Net
    Cell:in->out      fanout   Delay   Delay  Logical Name (Net Name)
    ----------------------------------------  ------------
     IBUF:I->O             5   1.222   1.059  ReadData_0_IBUF (ReadData_0_IBUF)
     LUT6:I1->O           16   0.203   1.252  Mmux_Address171 (Mmux_Address17)
     LUT4:I0->O            1   0.203   0.579  Mmux_Address17 (Address_0_OBUF)
     OBUF:I->O                 2.571          Address_0_OBUF (Address<0>)
    ----------------------------------------
    Total                      7.089ns (4.199ns logic, 2.890ns route)
                                       (59.2% logic, 40.8% route)

=========================================================================

Cross Clock Domains Report:
--------------------------

Clock to Setup on destination clock clk
---------------+---------+---------+---------+---------+
               | Src:Rise| Src:Fall| Src:Rise| Src:Fall|
Source Clock   |Dest:Rise|Dest:Rise|Dest:Fall|Dest:Fall|
---------------+---------+---------+---------+---------+
clk            |    3.876|         |         |         |
---------------+---------+---------+---------+---------+

=========================================================================


Total REAL time to Xst completion: 5.00 secs
Total CPU time to Xst completion: 5.20 secs
 
--> 

Total memory usage is 278440 kilobytes

Number of errors   :    0 (   0 filtered)
Number of warnings :    0 (   0 filtered)
Number of infos    :    0 (   0 filtered)

