#-----------------------------------------------------------
# PlanAhead v14.7 (64-bit)
# Build 321239 by xbuild on Fri Sep 27 19:29:51 MDT 2013
# Start of session at: Sun Oct 30 15:43:10 2016
# Process ID: 15428
# Log file: C:/Users/imana/OneDrive/Documents/GitHub/Core/planAhead_run_1/planAhead.log
# Journal file: C:/Users/imana/OneDrive/Documents/GitHub/Core/planAhead_run_1/planAhead.jou
#-----------------------------------------------------------
INFO: [Common 17-78] Attempting to get a license: PlanAhead
INFO: [Common 17-290] Got license for PlanAhead
INFO: [Device 21-36] Loading parts and site information from C:/Xilinx/14.7/ISE_DS/PlanAhead/data/parts/arch.xml
Parsing RTL primitives file [C:/Xilinx/14.7/ISE_DS/PlanAhead/data/parts/xilinx/rtl/prims/rtl_prims.xml]
Finished parsing RTL primitives file [C:/Xilinx/14.7/ISE_DS/PlanAhead/data/parts/xilinx/rtl/prims/rtl_prims.xml]
start_gui
source C:/Users/imana/OneDrive/Documents/GitHub/Core/pa.fromHdl.tcl
# create_project -name Core -dir "C:/Users/imana/OneDrive/Documents/GitHub/Core/planAhead_run_1" -part xc6slx16csg324-3
# set_param project.pinAheadLayout yes
# set srcset [get_property srcset [current_run -impl]]
# set_property target_constrs_file "CoreAndRAM.ucf" [current_fileset -constrset]
Adding file 'C:/Users/imana/OneDrive/Documents/GitHub/Core/CoreAndRAM.ucf' to fileset 'constrs_1'
# add_files [list {ipcore_dir/RAM.ngc}]
# set hdlfile [add_files [list {RegisterFile.v}]]
# set_property file_type Verilog $hdlfile
# set_property library work $hdlfile
# set hdlfile [add_files [list {ALU.v}]]
# set_property file_type Verilog $hdlfile
# set_property library work $hdlfile
# set hdlfile [add_files [list {ipcore_dir/RAM.v}]]
# set_property file_type Verilog $hdlfile
# set_property library work $hdlfile
# set hdlfile [add_files [list {CoreTop.v}]]
# set_property file_type Verilog $hdlfile
# set_property library work $hdlfile
# set hdlfile [add_files [list {CoreAndRAM.v}]]
# set_property file_type Verilog $hdlfile
# set_property library work $hdlfile
# set_property top CoreAndRAM $srcset
# add_files [list {CoreAndRAM.ucf}] -fileset [get_property constrset [current_run]]
# open_rtl_design -part xc6slx16csg324-3
Using Verific elaboration
Parsing VHDL file "C:/Xilinx/14.7/ISE_DS/PlanAhead/data/parts/xilinx/rtl/lib/synplify/synattr.vhd" into library synplify
Analyzing Verilog file "C:/Users/imana/OneDrive/Documents/GitHub/Core/RegisterFile.v" into library work
Analyzing Verilog file "C:/Users/imana/OneDrive/Documents/GitHub/Core/ALU.v" into library work
Analyzing Verilog file "C:/Users/imana/OneDrive/Documents/GitHub/Core/ipcore_dir/RAM.v" into library work
Analyzing Verilog file "C:/Users/imana/OneDrive/Documents/GitHub/Core/CoreTop.v" into library work
Analyzing Verilog file "C:/Users/imana/OneDrive/Documents/GitHub/Core/CoreAndRAM.v" into library work
Release 14.7 - ngc2edif P.20131013 (nt64)
Copyright (c) 1995-2013 Xilinx, Inc.  All rights reserved.
Reading design RAM.ngc ...
WARNING:NetListWriters:298 - No output is written to RAM.xncf, ignored.
Processing design ...
   Preping design's networks ...
   Preping design's macros ...
  finished :Prep
Writing EDIF netlist file RAM.edif ...
ngc2edif: Total memory usage is 84448 kilobytes

Reading core file 'C:/Users/imana/OneDrive/Documents/GitHub/Core/ipcore_dir/RAM.ngc' for (cell view 'RAM', library 'work', file 'RAM.v')
Parsing EDIF File [./.Xil/PlanAhead-15428-LAPTOP-CVFKU9UR/ngc2edif/RAM.edif]
Finished Parsing EDIF File [./.Xil/PlanAhead-15428-LAPTOP-CVFKU9UR/ngc2edif/RAM.edif]
Loading clock regions from C:/Xilinx/14.7/ISE_DS/PlanAhead/data\parts/xilinx/spartan6/spartan6lx/xc6slx16/ClockRegion.xml
Loading clock buffers from C:/Xilinx/14.7/ISE_DS/PlanAhead/data\parts/xilinx/spartan6/spartan6lx/xc6slx16/ClockBuffers.xml
Loading package pin functions from C:/Xilinx/14.7/ISE_DS/PlanAhead/data\parts/xilinx/spartan6/PinFunctions.xml...
Loading package from C:/Xilinx/14.7/ISE_DS/PlanAhead/data\parts/xilinx/spartan6/spartan6lx/xc6slx16/csg324/Package.xml
Loading io standards from C:/Xilinx/14.7/ISE_DS/PlanAhead/data\./parts/xilinx/spartan6/IOStandards.xml
Loading device configuration modes from C:/Xilinx/14.7/ISE_DS/PlanAhead/data\parts/xilinx/spartan6/ConfigModes.xml
Loading list of drcs for the architecture : C:/Xilinx/14.7/ISE_DS/PlanAhead/data\./parts/xilinx/spartan6/drc.xml
Parsing UCF File [C:/Users/imana/OneDrive/Documents/GitHub/Core/CoreAndRAM.ucf]
Finished Parsing UCF File [C:/Users/imana/OneDrive/Documents/GitHub/Core/CoreAndRAM.ucf]
INFO: [Project 1-111] Unisim Transformation Summary:
No Unisim elements were transformed.

Phase 0 | Netlist Checksum: 59182b34
open_rtl_design: Time (s): elapsed = 00:00:10 . Memory (MB): peak = 614.473 ; gain = 229.164
update_compile_order -fileset sim_1
startgroup
set_property package_pin V10 [get_ports ExternalClk]
endgroup
save_constraints
exit
ERROR: [PlanAhead 12-106] *** Exception: ui.h.b: Found deleted key in HTclEventBroker. Verify if the classes listed here call cleanup()
HTclEvent: DEBUG_CORE_CONFIG_CHANGE   Classes: ui.views.aR 
HTclEvent: SIGNAL_MODIFY   Classes: ui.views.aR 
HTclEvent: SIGNAL_BUS_MODIFY   Classes: ui.views.aR 
HTclEvent: DEBUG_PORT_CONFIG_CHANGE   Classes: ui.views.aR 
 (See C:/Users/imana/OneDrive/Documents/GitHub/Core\planAhead_pid15428.debug)
ERROR: [Common 17-39] 'stop_gui' failed due to earlier errors.
INFO: [Common 17-206] Exiting PlanAhead at Sun Oct 30 15:44:46 2016...
INFO: [Common 17-83] Releasing license: PlanAhead
